<?xml version="1.0"?>
<!DOCTYPE coverage SYSTEM "http://cobertura.sourceforge.net/xml/coverage-04.dtd">

<coverage line-rate="0.477084659452578" branch-rate="0.1623571858087793" lines-covered="1499" lines-valid="3142" branches-covered="270" branches-valid="1663" complexity="6.1367088607594935" version="2.0.3" timestamp="1417394606572">
	<sources>
		<source>/home/student/webapps/bkfl/build/WEB-INF/src</source>
	</sources>
	<packages>
		<package name="org.apache.jsp" line-rate="0.477084659452578" branch-rate="0.1623571858087793" complexity="6.1367088607594935">
			<classes>
				<class name="org.apache.jsp.AdminBooks_jsp" filename="org/apache/jsp/AdminBooks_jsp.java" line-rate="1.0" branch-rate="1.0" complexity="5.9655172413793105">
					<methods>
					</methods>
					<lines>
					</lines>
				</class>
				<class name="org.apache.jsp.AdminMenu_jsp" filename="org/apache/jsp/AdminMenu_jsp.java" line-rate="0.296551724137931" branch-rate="0.06779661016949153" complexity="5.107142857142857">
					<methods>
						<method name="&lt;clinit&gt;" signature="()V" line-rate="1.0" branch-rate="1.0">
							<lines>
								<line number="457" hits="1" branch="false"/>
								<line number="458" hits="1" branch="false"/>
								<line number="459" hits="1" branch="false"/>
							</lines>
						</method>
						<method name="&lt;init&gt;" signature="()V" line-rate="1.0" branch-rate="1.0">
							<lines>
								<line number="7" hits="1" branch="false"/>
							</lines>
						</method>
						<method name="Form_Show" signature="(Ljavax/servlet/http/HttpServletRequest;Ljavax/servlet/http/HttpServletResponse;Ljavax/servlet/http/HttpSession;Ljavax/servlet/jsp/JspWriter;Ljava/lang/String;Ljava/lang/String;Ljava/lang/String;Ljava/sql/Connection;Ljava/sql/Statement;)V" line-rate="1.0" branch-rate="1.0">
							<lines>
								<line number="426" hits="1" branch="false"/>
								<line number="427" hits="1" branch="false"/>
								<line number="428" hits="1" branch="false"/>
								<line number="431" hits="1" branch="false"/>
								<line number="432" hits="1" branch="false"/>
								<line number="433" hits="1" branch="false"/>
								<line number="434" hits="1" branch="false"/>
								<line number="435" hits="1" branch="false"/>
								<line number="436" hits="1" branch="false"/>
								<line number="437" hits="1" branch="false"/>
								<line number="440" hits="1" branch="false"/>
								<line number="441" hits="1" branch="false"/>
								<line number="442" hits="1" branch="false"/>
								<line number="443" hits="1" branch="false"/>
								<line number="444" hits="1" branch="false"/>
								<line number="445" hits="1" branch="false"/>
								<line number="446" hits="1" branch="false"/>
								<line number="448" hits="1" branch="false"/>
								<line number="451" hits="1" branch="false"/>
								<line number="452" hits="1" branch="false"/>
							</lines>
						</method>
						<method name="_jspService" signature="(Ljavax/servlet/http/HttpServletRequest;Ljavax/servlet/http/HttpServletResponse;)V" line-rate="0.8490566037735849" branch-rate="0.22727272727272727">
							<lines>
								<line number="468" hits="1" branch="false"/>
								<line number="469" hits="1" branch="false"/>
								<line number="470" hits="1" branch="false"/>
								<line number="471" hits="1" branch="false"/>
								<line number="472" hits="1" branch="false"/>
								<line number="473" hits="1" branch="false"/>
								<line number="474" hits="1" branch="false"/>
								<line number="475" hits="1" branch="false"/>
								<line number="476" hits="1" branch="false"/>
								<line number="480" hits="1" branch="false"/>
								<line number="481" hits="1" branch="false"/>
								<line number="482" hits="1" branch="false"/>
								<line number="484" hits="1" branch="false"/>
								<line number="485" hits="1" branch="false"/>
								<line number="486" hits="1" branch="false"/>
								<line number="487" hits="1" branch="false"/>
								<line number="488" hits="1" branch="false"/>
								<line number="489" hits="1" branch="false"/>
								<line number="493" hits="1" branch="false"/>
								<line number="494" hits="1" branch="true" condition-coverage="50% (1/2)">
									<conditions>
										<condition number="0" type="jump" coverage="50%"/>
									</conditions>
								</line>
								<line number="496" hits="1" branch="false"/>
								<line number="498" hits="1" branch="false"/>
								<line number="499" hits="1" branch="false"/>
								<line number="500" hits="1" branch="false"/>
								<line number="502" hits="1" branch="false"/>
								<line number="503" hits="1" branch="false"/>
								<line number="504" hits="1" branch="false"/>
								<line number="505" hits="1" branch="false"/>
								<line number="506" hits="1" branch="false"/>
								<line number="507" hits="1" branch="true" condition-coverage="50% (1/2)">
									<conditions>
										<condition number="0" type="jump" coverage="50%"/>
									</conditions>
								</line>
								<line number="509" hits="0" branch="false"/>
								<line number="511" hits="0" branch="false"/>
								<line number="515" hits="1" branch="false"/>
								<line number="516" hits="1" branch="false"/>
								<line number="517" hits="1" branch="false"/>
								<line number="518" hits="1" branch="false"/>
								<line number="519" hits="1" branch="false"/>
								<line number="520" hits="1" branch="false"/>
								<line number="521" hits="1" branch="false"/>
								<line number="523" hits="1" branch="false"/>
								<line number="524" hits="1" branch="false"/>
								<line number="526" hits="1" branch="true" condition-coverage="50% (1/2)">
									<conditions>
										<condition number="0" type="jump" coverage="50%"/>
									</conditions>
								</line>
								<line number="527" hits="1" branch="true" condition-coverage="50% (1/2)">
									<conditions>
										<condition number="0" type="jump" coverage="50%"/>
									</conditions>
								</line>
								<line number="529" hits="1" branch="false"/>
								<line number="530" hits="1" branch="false"/>
								<line number="531" hits="0" branch="false"/>
								<line number="532" hits="0" branch="true" condition-coverage="0% (0/2)">
									<conditions>
										<condition number="0" type="jump" coverage="0%"/>
									</conditions>
								</line>
								<line number="533" hits="0" branch="false"/>
								<line number="534" hits="0" branch="true" condition-coverage="0% (0/4)">
									<conditions>
										<condition number="0" type="jump" coverage="0%"/>
										<condition number="1" type="jump" coverage="0%"/>
									</conditions>
								</line>
								<line number="535" hits="0" branch="false"/>
								<line number="536" hits="0" branch="true" condition-coverage="0% (0/2)">
									<conditions>
										<condition number="0" type="jump" coverage="0%"/>
									</conditions>
								</line>
								<line number="539" hits="1" branch="true" condition-coverage="16% (1/6)">
									<conditions>
										<condition number="0" type="jump" coverage="50%"/>
										<condition number="1" type="jump" coverage="0%"/>
										<condition number="2" type="jump" coverage="0%"/>
									</conditions>
								</line>
								<line number="541" hits="1" branch="false"/>
							</lines>
						</method>
						<method name="absolute" signature="(Ljava/sql/ResultSet;I)V" line-rate="0.0" branch-rate="0.0">
							<lines>
								<line number="47" hits="0" branch="true" condition-coverage="0% (0/2)">
									<conditions>
										<condition number="0" type="jump" coverage="0%"/>
									</conditions>
								</line>
								<line number="48" hits="0" branch="false"/>
							</lines>
						</method>
						<method name="checkSecurity" signature="(ILjavax/servlet/http/HttpSession;Ljavax/servlet/http/HttpServletResponse;Ljavax/servlet/http/HttpServletRequest;)Ljava/lang/String;" line-rate="0.8333333333333334" branch-rate="0.5">
							<lines>
								<line number="392" hits="1" branch="false"/>
								<line number="393" hits="1" branch="false"/>
								<line number="394" hits="1" branch="false"/>
								<line number="395" hits="1" branch="true" condition-coverage="50% (2/4)">
									<conditions>
										<condition number="0" type="jump" coverage="50%"/>
										<condition number="1" type="jump" coverage="50%"/>
									</conditions>
								</line>
								<line number="396" hits="1" branch="true" condition-coverage="50% (1/2)">
									<conditions>
										<condition number="0" type="jump" coverage="50%"/>
									</conditions>
								</line>
								<line number="397" hits="1" branch="true" condition-coverage="50% (1/2)">
									<conditions>
										<condition number="0" type="jump" coverage="50%"/>
									</conditions>
								</line>
								<line number="398" hits="1" branch="true" condition-coverage="50% (1/2)">
									<conditions>
										<condition number="0" type="jump" coverage="50%"/>
									</conditions>
								</line>
								<line number="401" hits="1" branch="true" condition-coverage="50% (1/2)">
									<conditions>
										<condition number="0" type="jump" coverage="50%"/>
									</conditions>
								</line>
								<line number="402" hits="0" branch="false"/>
								<line number="403" hits="0" branch="false"/>
								<line number="406" hits="1" branch="false"/>
								<line number="407" hits="1" branch="false"/>
							</lines>
						</method>
						<method name="cn" signature="()Ljava/sql/Connection;" line-rate="1.0" branch-rate="1.0">
							<lines>
								<line number="114" hits="1" branch="false"/>
							</lines>
						</method>
						<method name="dCountRec" signature="(Ljava/sql/Statement;Ljava/lang/String;Ljava/lang/String;)J" line-rate="0.0" branch-rate="0.0">
							<lines>
								<line number="80" hits="0" branch="false"/>
								<line number="82" hits="0" branch="false"/>
								<line number="83" hits="0" branch="true" condition-coverage="0% (0/4)">
									<conditions>
										<condition number="0" type="jump" coverage="0%"/>
										<condition number="1" type="jump" coverage="0%"/>
									</conditions>
								</line>
								<line number="84" hits="0" branch="false"/>
								<line number="86" hits="0" branch="false"/>
								<line number="88" hits="0" branch="false"/>
								<line number="89" hits="0" branch="false"/>
							</lines>
						</method>
						<method name="dLookUp" signature="(Ljava/sql/Statement;Ljava/lang/String;Ljava/lang/String;Ljava/lang/String;)Ljava/lang/String;" line-rate="0.0" branch-rate="0.0">
							<lines>
								<line number="56" hits="0" branch="false"/>
								<line number="57" hits="0" branch="false"/>
								<line number="59" hits="0" branch="false"/>
								<line number="60" hits="0" branch="false"/>
								<line number="61" hits="0" branch="false"/>
								<line number="62" hits="0" branch="true" condition-coverage="0% (0/2)">
									<conditions>
										<condition number="0" type="jump" coverage="0%"/>
									</conditions>
								</line>
								<line number="63" hits="0" branch="false"/>
								<line number="64" hits="0" branch="false"/>
								<line number="65" hits="0" branch="false"/>
								<line number="66" hits="0" branch="false"/>
								<line number="68" hits="0" branch="false"/>
								<line number="69" hits="0" branch="false"/>
								<line number="70" hits="0" branch="false"/>
								<line number="71" hits="0" branch="false"/>
								<line number="72" hits="0" branch="true" condition-coverage="0% (0/2)">
									<conditions>
										<condition number="0" type="jump" coverage="0%"/>
									</conditions>
								</line>
								<line number="74" hits="0" branch="false"/>
								<line number="75" hits="0" branch="false"/>
							</lines>
						</method>
						<method name="getCheckBoxValue" signature="(Ljava/lang/String;Ljava/lang/String;Ljava/lang/String;I)Ljava/lang/String;" line-rate="0.0" branch-rate="0.0">
							<lines>
								<line number="189" hits="0" branch="true" condition-coverage="0% (0/4)">
									<conditions>
										<condition number="0" type="jump" coverage="0%"/>
										<condition number="1" type="jump" coverage="0%"/>
									</conditions>
								</line>
								<line number="190" hits="0" branch="false"/>
							</lines>
						</method>
						<method name="getDependants" signature="()Ljava/lang/Object;" line-rate="0.0" branch-rate="1.0">
							<lines>
								<line number="462" hits="0" branch="false"/>
							</lines>
						</method>
						<method name="getFieldsName" signature="(Ljava/sql/ResultSet;)[Ljava/lang/String;" line-rate="0.0" branch-rate="0.0">
							<lines>
								<line number="97" hits="0" branch="false"/>
								<line number="98" hits="0" branch="false"/>
								<line number="99" hits="0" branch="false"/>
								<line number="100" hits="0" branch="true" condition-coverage="0% (0/2)">
									<conditions>
										<condition number="0" type="jump" coverage="0%"/>
									</conditions>
								</line>
								<line number="101" hits="0" branch="false"/>
								<line number="103" hits="0" branch="false"/>
							</lines>
						</method>
						<method name="getOptions" signature="(Ljava/sql/Connection;Ljava/lang/String;ZZLjava/lang/String;)Ljava/lang/String;" line-rate="0.0" branch-rate="0.0">
							<lines>
								<line number="263" hits="0" branch="false"/>
								<line number="264" hits="0" branch="false"/>
								<line number="266" hits="0" branch="true" condition-coverage="0% (0/2)">
									<conditions>
										<condition number="0" type="jump" coverage="0%"/>
									</conditions>
								</line>
								<line number="267" hits="0" branch="false"/>
								<line number="270" hits="0" branch="true" condition-coverage="0% (0/2)">
									<conditions>
										<condition number="0" type="jump" coverage="0%"/>
									</conditions>
								</line>
								<line number="271" hits="0" branch="false"/>
								<line number="275" hits="0" branch="false"/>
								<line number="276" hits="0" branch="false"/>
								<line number="277" hits="0" branch="false"/>
								<line number="278" hits="0" branch="true" condition-coverage="0% (0/2)">
									<conditions>
										<condition number="0" type="jump" coverage="0%"/>
									</conditions>
								</line>
								<line number="279" hits="0" branch="false"/>
								<line number="280" hits="0" branch="false"/>
								<line number="281" hits="0" branch="true" condition-coverage="0% (0/2)">
									<conditions>
										<condition number="0" type="jump" coverage="0%"/>
									</conditions>
								</line>
								<line number="282" hits="0" branch="false"/>
								<line number="285" hits="0" branch="false"/>
								<line number="287" hits="0" branch="false"/>
								<line number="288" hits="0" branch="false"/>
								<line number="289" hits="0" branch="false"/>
								<line number="290" hits="0" branch="false"/>
								<line number="292" hits="0" branch="false"/>
								<line number="293" hits="0" branch="false"/>
							</lines>
						</method>
						<method name="getOptionsLOV" signature="(Ljava/lang/String;ZZLjava/lang/String;)Ljava/lang/String;" line-rate="0.0" branch-rate="0.0">
							<lines>
								<line number="297" hits="0" branch="false"/>
								<line number="298" hits="0" branch="false"/>
								<line number="299" hits="0" branch="false"/>
								<line number="300" hits="0" branch="false"/>
								<line number="301" hits="0" branch="false"/>
								<line number="302" hits="0" branch="false"/>
								<line number="303" hits="0" branch="false"/>
								<line number="304" hits="0" branch="false"/>
								<line number="305" hits="0" branch="true" condition-coverage="0% (0/2)">
									<conditions>
										<condition number="0" type="jump" coverage="0%"/>
									</conditions>
								</line>
								<line number="306" hits="0" branch="false"/>
								<line number="307" hits="0" branch="true" condition-coverage="0% (0/4)">
									<conditions>
										<condition number="0" type="jump" coverage="0%"/>
										<condition number="1" type="jump" coverage="0%"/>
									</conditions>
								</line>
								<line number="308" hits="0" branch="false"/>
								<line number="311" hits="0" branch="true" condition-coverage="0% (0/4)">
									<conditions>
										<condition number="0" type="jump" coverage="0%"/>
										<condition number="1" type="jump" coverage="0%"/>
									</conditions>
								</line>
								<line number="312" hits="0" branch="false"/>
								<line number="315" hits="0" branch="true" condition-coverage="0% (0/2)">
									<conditions>
										<condition number="0" type="jump" coverage="0%"/>
									</conditions>
								</line>
								<line number="317" hits="0" branch="false"/>
								<line number="319" hits="0" branch="true" condition-coverage="0% (0/2)">
									<conditions>
										<condition number="0" type="jump" coverage="0%"/>
									</conditions>
								</line>
								<line number="320" hits="0" branch="false"/>
								<line number="321" hits="0" branch="true" condition-coverage="0% (0/4)">
									<conditions>
										<condition number="0" type="jump" coverage="0%"/>
										<condition number="1" type="jump" coverage="0%"/>
									</conditions>
								</line>
								<line number="322" hits="0" branch="false"/>
								<line number="325" hits="0" branch="true" condition-coverage="0% (0/4)">
									<conditions>
										<condition number="0" type="jump" coverage="0%"/>
										<condition number="1" type="jump" coverage="0%"/>
									</conditions>
								</line>
								<line number="326" hits="0" branch="false"/>
								<line number="329" hits="0" branch="true" condition-coverage="0% (0/2)">
									<conditions>
										<condition number="0" type="jump" coverage="0%"/>
									</conditions>
								</line>
								<line number="330" hits="0" branch="true" condition-coverage="0% (0/2)">
									<conditions>
										<condition number="0" type="jump" coverage="0%"/>
									</conditions>
								</line>
								<line number="331" hits="0" branch="false"/>
								<line number="334" hits="0" branch="true" condition-coverage="0% (0/2)">
									<conditions>
										<condition number="0" type="jump" coverage="0%"/>
									</conditions>
								</line>
								<line number="335" hits="0" branch="false"/>
								<line number="338" hits="0" branch="false"/>
								<line number="340" hits="0" branch="false"/>
								<line number="342" hits="0" branch="true" condition-coverage="0% (0/2)">
									<conditions>
										<condition number="0" type="jump" coverage="0%"/>
									</conditions>
								</line>
								<line number="343" hits="0" branch="false"/>
							</lines>
						</method>
						<method name="getParam" signature="(Ljavax/servlet/http/HttpServletRequest;Ljava/lang/String;)Ljava/lang/String;" line-rate="0.25" branch-rate="0.25">
							<lines>
								<line number="156" hits="2" branch="false"/>
								<line number="157" hits="2" branch="true" condition-coverage="25% (1/4)">
									<conditions>
										<condition number="0" type="jump" coverage="50%"/>
										<condition number="1" type="jump" coverage="0%"/>
									</conditions>
								</line>
								<line number="158" hits="0" branch="false"/>
								<line number="159" hits="0" branch="false"/>
								<line number="160" hits="0" branch="false"/>
								<line number="161" hits="0" branch="false"/>
								<line number="162" hits="0" branch="false"/>
								<line number="163" hits="0" branch="false"/>
							</lines>
						</method>
						<method name="getRecordToHash" signature="(Ljava/sql/ResultSet;Ljava/util/Hashtable;[Ljava/lang/String;)Ljava/util/Hashtable;" line-rate="0.0" branch-rate="0.0">
							<lines>
								<line number="107" hits="0" branch="true" condition-coverage="0% (0/2)">
									<conditions>
										<condition number="0" type="jump" coverage="0%"/>
									</conditions>
								</line>
								<line number="108" hits="0" branch="false"/>
								<line number="110" hits="0" branch="false"/>
							</lines>
						</method>
						<method name="getValFromLOV" signature="(Ljava/lang/String;Ljava/lang/String;)Ljava/lang/String;" line-rate="0.0" branch-rate="0.0">
							<lines>
								<line number="347" hits="0" branch="false"/>
								<line number="348" hits="0" branch="false"/>
								<line number="349" hits="0" branch="false"/>
								<line number="350" hits="0" branch="false"/>
								<line number="351" hits="0" branch="false"/>
								<line number="352" hits="0" branch="false"/>
								<line number="353" hits="0" branch="true" condition-coverage="0% (0/2)">
									<conditions>
										<condition number="0" type="jump" coverage="0%"/>
									</conditions>
								</line>
								<line number="354" hits="0" branch="false"/>
								<line number="355" hits="0" branch="true" condition-coverage="0% (0/4)">
									<conditions>
										<condition number="0" type="jump" coverage="0%"/>
										<condition number="1" type="jump" coverage="0%"/>
									</conditions>
								</line>
								<line number="356" hits="0" branch="false"/>
								<line number="359" hits="0" branch="true" condition-coverage="0% (0/4)">
									<conditions>
										<condition number="0" type="jump" coverage="0%"/>
										<condition number="1" type="jump" coverage="0%"/>
									</conditions>
								</line>
								<line number="360" hits="0" branch="false"/>
								<line number="363" hits="0" branch="true" condition-coverage="0% (0/2)">
									<conditions>
										<condition number="0" type="jump" coverage="0%"/>
									</conditions>
								</line>
								<line number="365" hits="0" branch="false"/>
								<line number="367" hits="0" branch="true" condition-coverage="0% (0/2)">
									<conditions>
										<condition number="0" type="jump" coverage="0%"/>
									</conditions>
								</line>
								<line number="368" hits="0" branch="false"/>
								<line number="369" hits="0" branch="true" condition-coverage="0% (0/4)">
									<conditions>
										<condition number="0" type="jump" coverage="0%"/>
										<condition number="1" type="jump" coverage="0%"/>
									</conditions>
								</line>
								<line number="370" hits="0" branch="false"/>
								<line number="373" hits="0" branch="true" condition-coverage="0% (0/4)">
									<conditions>
										<condition number="0" type="jump" coverage="0%"/>
										<condition number="1" type="jump" coverage="0%"/>
									</conditions>
								</line>
								<line number="374" hits="0" branch="false"/>
								<line number="377" hits="0" branch="true" condition-coverage="0% (0/2)">
									<conditions>
										<condition number="0" type="jump" coverage="0%"/>
									</conditions>
								</line>
								<line number="378" hits="0" branch="true" condition-coverage="0% (0/2)">
									<conditions>
										<condition number="0" type="jump" coverage="0%"/>
									</conditions>
								</line>
								<line number="379" hits="0" branch="false"/>
								<line number="382" hits="0" branch="true" condition-coverage="0% (0/2)">
									<conditions>
										<condition number="0" type="jump" coverage="0%"/>
									</conditions>
								</line>
								<line number="383" hits="0" branch="false"/>
								<line number="386" hits="0" branch="false"/>
							</lines>
						</method>
						<method name="getValue" signature="(Ljava/sql/ResultSet;Ljava/lang/String;)Ljava/lang/String;" line-rate="0.0" branch-rate="0.0">
							<lines>
								<line number="144" hits="0" branch="true" condition-coverage="0% (0/6)">
									<conditions>
										<condition number="0" type="jump" coverage="0%"/>
										<condition number="1" type="jump" coverage="0%"/>
										<condition number="2" type="jump" coverage="0%"/>
									</conditions>
								</line>
								<line number="146" hits="0" branch="false"/>
								<line number="147" hits="0" branch="true" condition-coverage="0% (0/2)">
									<conditions>
										<condition number="0" type="jump" coverage="0%"/>
									</conditions>
								</line>
								<line number="148" hits="0" branch="false"/>
								<line number="150" hits="0" branch="false"/>
								<line number="151" hits="0" branch="false"/>
							</lines>
						</method>
						<method name="getValueHTML" signature="(Ljava/sql/ResultSet;Ljava/lang/String;)Ljava/lang/String;" line-rate="0.0" branch-rate="0.0">
							<lines>
								<line number="134" hits="0" branch="false"/>
								<line number="135" hits="0" branch="true" condition-coverage="0% (0/2)">
									<conditions>
										<condition number="0" type="jump" coverage="0%"/>
									</conditions>
								</line>
								<line number="136" hits="0" branch="false"/>
								<line number="139" hits="0" branch="false"/>
								<line number="140" hits="0" branch="false"/>
							</lines>
						</method>
						<method name="isEmpty" signature="(I)Z" line-rate="0.0" branch-rate="0.0">
							<lines>
								<line number="181" hits="0" branch="true" condition-coverage="0% (0/2)">
									<conditions>
										<condition number="0" type="jump" coverage="0%"/>
									</conditions>
								</line>
							</lines>
						</method>
						<method name="isEmpty" signature="(Ljava/lang/String;)Z" line-rate="0.0" branch-rate="0.0">
							<lines>
								<line number="185" hits="0" branch="true" condition-coverage="0% (0/6)">
									<conditions>
										<condition number="0" type="jump" coverage="0%"/>
										<condition number="1" type="jump" coverage="0%"/>
										<condition number="2" type="jump" coverage="0%"/>
									</conditions>
								</line>
							</lines>
						</method>
						<method name="isNumber" signature="(Ljava/lang/String;)Z" line-rate="0.0" branch-rate="0.0">
							<lines>
								<line number="168" hits="0" branch="true" condition-coverage="0% (0/4)">
									<conditions>
										<condition number="0" type="jump" coverage="0%"/>
										<condition number="1" type="jump" coverage="0%"/>
									</conditions>
								</line>
								<line number="169" hits="0" branch="false"/>
								<line number="171" hits="0" branch="false"/>
								<line number="172" hits="0" branch="false"/>
								<line number="174" hits="0" branch="false"/>
								<line number="175" hits="0" branch="false"/>
								<line number="176" hits="0" branch="false"/>
								<line number="177" hits="0" branch="false"/>
							</lines>
						</method>
						<method name="loadDriver" signature="()Ljava/lang/String;" line-rate="0.6666666666666666" branch-rate="1.0">
							<lines>
								<line number="36" hits="1" branch="false"/>
								<line number="38" hits="1" branch="false"/>
								<line number="40" hits="0" branch="false"/>
								<line number="41" hits="0" branch="false"/>
								<line number="42" hits="1" branch="false"/>
								<line number="43" hits="1" branch="false"/>
							</lines>
						</method>
						<method name="openrs" signature="(Ljava/sql/Statement;Ljava/lang/String;)Ljava/sql/ResultSet;" line-rate="0.0" branch-rate="1.0">
							<lines>
								<line number="51" hits="0" branch="false"/>
								<line number="52" hits="0" branch="false"/>
							</lines>
						</method>
						<method name="proceedError" signature="(Ljavax/servlet/http/HttpServletResponse;Ljava/lang/Exception;)Ljava/lang/String;" line-rate="0.0" branch-rate="1.0">
							<lines>
								<line number="93" hits="0" branch="false"/>
							</lines>
						</method>
						<method name="replace" signature="(Ljava/lang/String;Ljava/lang/String;Ljava/lang/String;)Ljava/lang/String;" line-rate="0.0" branch-rate="0.0">
							<lines>
								<line number="247" hits="0" branch="true" condition-coverage="0% (0/2)">
									<conditions>
										<condition number="0" type="jump" coverage="0%"/>
									</conditions>
								</line>
								<line number="248" hits="0" branch="false"/>
								<line number="250" hits="0" branch="false"/>
								<line number="251" hits="0" branch="false"/>
								<line number="252" hits="0" branch="true" condition-coverage="0% (0/2)">
									<conditions>
										<condition number="0" type="jump" coverage="0%"/>
									</conditions>
								</line>
								<line number="253" hits="0" branch="false"/>
								<line number="254" hits="0" branch="false"/>
								<line number="255" hits="0" branch="false"/>
								<line number="257" hits="0" branch="false"/>
								<line number="258" hits="0" branch="false"/>
							</lines>
						</method>
						<method name="toHTML" signature="(Ljava/lang/String;)Ljava/lang/String;" line-rate="0.0" branch-rate="0.0">
							<lines>
								<line number="124" hits="0" branch="true" condition-coverage="0% (0/2)">
									<conditions>
										<condition number="0" type="jump" coverage="0%"/>
									</conditions>
								</line>
								<line number="125" hits="0" branch="false"/>
								<line number="126" hits="0" branch="false"/>
								<line number="127" hits="0" branch="false"/>
								<line number="128" hits="0" branch="false"/>
								<line number="129" hits="0" branch="false"/>
							</lines>
						</method>
						<method name="toSQL" signature="(Ljava/lang/String;I)Ljava/lang/String;" line-rate="0.0" branch-rate="0.0">
							<lines>
								<line number="211" hits="0" branch="true" condition-coverage="0% (0/2)">
									<conditions>
										<condition number="0" type="jump" coverage="0%"/>
									</conditions>
								</line>
								<line number="212" hits="0" branch="false"/>
								<line number="213" hits="0" branch="true" condition-coverage="0% (0/6)">
									<conditions>
										<condition number="0" type="jump" coverage="0%"/>
										<condition number="1" type="jump" coverage="0%"/>
										<condition number="2" type="jump" coverage="0%"/>
									</conditions>
								</line>
								<line number="214" hits="0" branch="false"/>
								<line number="216" hits="0" branch="true" condition-coverage="0% (0/5)">
									<conditions>
										<condition number="0" type="switch" coverage="0%"/>
									</conditions>
								</line>
								<line number="218" hits="0" branch="false"/>
								<line number="219" hits="0" branch="false"/>
								<line number="220" hits="0" branch="false"/>
								<line number="221" hits="0" branch="false"/>
								<line number="225" hits="0" branch="false"/>
								<line number="226" hits="0" branch="false"/>
								<line number="230" hits="0" branch="true" condition-coverage="0% (0/4)">
									<conditions>
										<condition number="0" type="jump" coverage="0%"/>
										<condition number="1" type="jump" coverage="0%"/>
									</conditions>
								</line>
								<line number="231" hits="0" branch="false"/>
								<line number="233" hits="0" branch="false"/>
								<line number="234" hits="0" branch="false"/>
								<line number="235" hits="0" branch="false"/>
								<line number="236" hits="0" branch="false"/>
								<line number="239" hits="0" branch="false"/>
								<line number="243" hits="0" branch="false"/>
							</lines>
						</method>
						<method name="toURL" signature="(Ljava/lang/String;)Ljava/lang/String;" line-rate="0.0" branch-rate="0.0">
							<lines>
								<line number="118" hits="0" branch="true" condition-coverage="0% (0/2)">
									<conditions>
										<condition number="0" type="jump" coverage="0%"/>
									</conditions>
								</line>
								<line number="119" hits="0" branch="true" condition-coverage="0% (0/2)">
									<conditions>
										<condition number="0" type="jump" coverage="0%"/>
									</conditions>
								</line>
								<line number="120" hits="0" branch="false"/>
							</lines>
						</method>
						<method name="toWhereSQL" signature="(Ljava/lang/String;Ljava/lang/String;I)Ljava/lang/String;" line-rate="0.0" branch-rate="0.0">
							<lines>
								<line number="194" hits="0" branch="false"/>
								<line number="195" hits="0" branch="true" condition-coverage="0% (0/4)">
									<conditions>
										<condition number="0" type="switch" coverage="0%"/>
									</conditions>
								</line>
								<line number="197" hits="0" branch="true" condition-coverage="0% (0/2)">
									<conditions>
										<condition number="0" type="jump" coverage="0%"/>
									</conditions>
								</line>
								<line number="198" hits="0" branch="false"/>
								<line number="201" hits="0" branch="false"/>
								<line number="203" hits="0" branch="false"/>
								<line number="205" hits="0" branch="false"/>
								<line number="207" hits="0" branch="false"/>
							</lines>
						</method>
					</methods>
					<lines>
						<line number="7" hits="1" branch="false"/>
						<line number="36" hits="1" branch="false"/>
						<line number="38" hits="1" branch="false"/>
						<line number="40" hits="0" branch="false"/>
						<line number="41" hits="0" branch="false"/>
						<line number="42" hits="1" branch="false"/>
						<line number="43" hits="1" branch="false"/>
						<line number="47" hits="0" branch="true" condition-coverage="0% (0/2)">
							<conditions>
								<condition number="0" type="jump" coverage="0%"/>
							</conditions>
						</line>
						<line number="48" hits="0" branch="false"/>
						<line number="51" hits="0" branch="false"/>
						<line number="52" hits="0" branch="false"/>
						<line number="56" hits="0" branch="false"/>
						<line number="57" hits="0" branch="false"/>
						<line number="59" hits="0" branch="false"/>
						<line number="60" hits="0" branch="false"/>
						<line number="61" hits="0" branch="false"/>
						<line number="62" hits="0" branch="true" condition-coverage="0% (0/2)">
							<conditions>
								<condition number="0" type="jump" coverage="0%"/>
							</conditions>
						</line>
						<line number="63" hits="0" branch="false"/>
						<line number="64" hits="0" branch="false"/>
						<line number="65" hits="0" branch="false"/>
						<line number="66" hits="0" branch="false"/>
						<line number="68" hits="0" branch="false"/>
						<line number="69" hits="0" branch="false"/>
						<line number="70" hits="0" branch="false"/>
						<line number="71" hits="0" branch="false"/>
						<line number="72" hits="0" branch="true" condition-coverage="0% (0/2)">
							<conditions>
								<condition number="0" type="jump" coverage="0%"/>
							</conditions>
						</line>
						<line number="74" hits="0" branch="false"/>
						<line number="75" hits="0" branch="false"/>
						<line number="80" hits="0" branch="false"/>
						<line number="82" hits="0" branch="false"/>
						<line number="83" hits="0" branch="true" condition-coverage="0% (0/4)">
							<conditions>
								<condition number="0" type="jump" coverage="0%"/>
								<condition number="1" type="jump" coverage="0%"/>
							</conditions>
						</line>
						<line number="84" hits="0" branch="false"/>
						<line number="86" hits="0" branch="false"/>
						<line number="88" hits="0" branch="false"/>
						<line number="89" hits="0" branch="false"/>
						<line number="93" hits="0" branch="false"/>
						<line number="97" hits="0" branch="false"/>
						<line number="98" hits="0" branch="false"/>
						<line number="99" hits="0" branch="false"/>
						<line number="100" hits="0" branch="true" condition-coverage="0% (0/2)">
							<conditions>
								<condition number="0" type="jump" coverage="0%"/>
							</conditions>
						</line>
						<line number="101" hits="0" branch="false"/>
						<line number="103" hits="0" branch="false"/>
						<line number="107" hits="0" branch="true" condition-coverage="0% (0/2)">
							<conditions>
								<condition number="0" type="jump" coverage="0%"/>
							</conditions>
						</line>
						<line number="108" hits="0" branch="false"/>
						<line number="110" hits="0" branch="false"/>
						<line number="114" hits="1" branch="false"/>
						<line number="118" hits="0" branch="true" condition-coverage="0% (0/2)">
							<conditions>
								<condition number="0" type="jump" coverage="0%"/>
							</conditions>
						</line>
						<line number="119" hits="0" branch="true" condition-coverage="0% (0/2)">
							<conditions>
								<condition number="0" type="jump" coverage="0%"/>
							</conditions>
						</line>
						<line number="120" hits="0" branch="false"/>
						<line number="124" hits="0" branch="true" condition-coverage="0% (0/2)">
							<conditions>
								<condition number="0" type="jump" coverage="0%"/>
							</conditions>
						</line>
						<line number="125" hits="0" branch="false"/>
						<line number="126" hits="0" branch="false"/>
						<line number="127" hits="0" branch="false"/>
						<line number="128" hits="0" branch="false"/>
						<line number="129" hits="0" branch="false"/>
						<line number="134" hits="0" branch="false"/>
						<line number="135" hits="0" branch="true" condition-coverage="0% (0/2)">
							<conditions>
								<condition number="0" type="jump" coverage="0%"/>
							</conditions>
						</line>
						<line number="136" hits="0" branch="false"/>
						<line number="139" hits="0" branch="false"/>
						<line number="140" hits="0" branch="false"/>
						<line number="144" hits="0" branch="true" condition-coverage="0% (0/6)">
							<conditions>
								<condition number="0" type="jump" coverage="0%"/>
								<condition number="1" type="jump" coverage="0%"/>
								<condition number="2" type="jump" coverage="0%"/>
							</conditions>
						</line>
						<line number="146" hits="0" branch="false"/>
						<line number="147" hits="0" branch="true" condition-coverage="0% (0/2)">
							<conditions>
								<condition number="0" type="jump" coverage="0%"/>
							</conditions>
						</line>
						<line number="148" hits="0" branch="false"/>
						<line number="150" hits="0" branch="false"/>
						<line number="151" hits="0" branch="false"/>
						<line number="156" hits="2" branch="false"/>
						<line number="157" hits="2" branch="true" condition-coverage="25% (1/4)">
							<conditions>
								<condition number="0" type="jump" coverage="50%"/>
								<condition number="1" type="jump" coverage="0%"/>
							</conditions>
						</line>
						<line number="158" hits="0" branch="false"/>
						<line number="159" hits="0" branch="false"/>
						<line number="160" hits="0" branch="false"/>
						<line number="161" hits="0" branch="false"/>
						<line number="162" hits="0" branch="false"/>
						<line number="163" hits="0" branch="false"/>
						<line number="168" hits="0" branch="true" condition-coverage="0% (0/4)">
							<conditions>
								<condition number="0" type="jump" coverage="0%"/>
								<condition number="1" type="jump" coverage="0%"/>
							</conditions>
						</line>
						<line number="169" hits="0" branch="false"/>
						<line number="171" hits="0" branch="false"/>
						<line number="172" hits="0" branch="false"/>
						<line number="174" hits="0" branch="false"/>
						<line number="175" hits="0" branch="false"/>
						<line number="176" hits="0" branch="false"/>
						<line number="177" hits="0" branch="false"/>
						<line number="181" hits="0" branch="true" condition-coverage="0% (0/2)">
							<conditions>
								<condition number="0" type="jump" coverage="0%"/>
							</conditions>
						</line>
						<line number="185" hits="0" branch="true" condition-coverage="0% (0/6)">
							<conditions>
								<condition number="0" type="jump" coverage="0%"/>
								<condition number="1" type="jump" coverage="0%"/>
								<condition number="2" type="jump" coverage="0%"/>
							</conditions>
						</line>
						<line number="189" hits="0" branch="true" condition-coverage="0% (0/4)">
							<conditions>
								<condition number="0" type="jump" coverage="0%"/>
								<condition number="1" type="jump" coverage="0%"/>
							</conditions>
						</line>
						<line number="190" hits="0" branch="false"/>
						<line number="194" hits="0" branch="false"/>
						<line number="195" hits="0" branch="true" condition-coverage="0% (0/4)">
							<conditions>
								<condition number="0" type="switch" coverage="0%"/>
							</conditions>
						</line>
						<line number="197" hits="0" branch="true" condition-coverage="0% (0/2)">
							<conditions>
								<condition number="0" type="jump" coverage="0%"/>
							</conditions>
						</line>
						<line number="198" hits="0" branch="false"/>
						<line number="201" hits="0" branch="false"/>
						<line number="203" hits="0" branch="false"/>
						<line number="205" hits="0" branch="false"/>
						<line number="207" hits="0" branch="false"/>
						<line number="211" hits="0" branch="true" condition-coverage="0% (0/2)">
							<conditions>
								<condition number="0" type="jump" coverage="0%"/>
							</conditions>
						</line>
						<line number="212" hits="0" branch="false"/>
						<line number="213" hits="0" branch="true" condition-coverage="0% (0/6)">
							<conditions>
								<condition number="0" type="jump" coverage="0%"/>
								<condition number="1" type="jump" coverage="0%"/>
								<condition number="2" type="jump" coverage="0%"/>
							</conditions>
						</line>
						<line number="214" hits="0" branch="false"/>
						<line number="216" hits="0" branch="true" condition-coverage="0% (0/5)">
							<conditions>
								<condition number="0" type="switch" coverage="0%"/>
							</conditions>
						</line>
						<line number="218" hits="0" branch="false"/>
						<line number="219" hits="0" branch="false"/>
						<line number="220" hits="0" branch="false"/>
						<line number="221" hits="0" branch="false"/>
						<line number="225" hits="0" branch="false"/>
						<line number="226" hits="0" branch="false"/>
						<line number="230" hits="0" branch="true" condition-coverage="0% (0/4)">
							<conditions>
								<condition number="0" type="jump" coverage="0%"/>
								<condition number="1" type="jump" coverage="0%"/>
							</conditions>
						</line>
						<line number="231" hits="0" branch="false"/>
						<line number="233" hits="0" branch="false"/>
						<line number="234" hits="0" branch="false"/>
						<line number="235" hits="0" branch="false"/>
						<line number="236" hits="0" branch="false"/>
						<line number="239" hits="0" branch="false"/>
						<line number="243" hits="0" branch="false"/>
						<line number="247" hits="0" branch="true" condition-coverage="0% (0/2)">
							<conditions>
								<condition number="0" type="jump" coverage="0%"/>
							</conditions>
						</line>
						<line number="248" hits="0" branch="false"/>
						<line number="250" hits="0" branch="false"/>
						<line number="251" hits="0" branch="false"/>
						<line number="252" hits="0" branch="true" condition-coverage="0% (0/2)">
							<conditions>
								<condition number="0" type="jump" coverage="0%"/>
							</conditions>
						</line>
						<line number="253" hits="0" branch="false"/>
						<line number="254" hits="0" branch="false"/>
						<line number="255" hits="0" branch="false"/>
						<line number="257" hits="0" branch="false"/>
						<line number="258" hits="0" branch="false"/>
						<line number="263" hits="0" branch="false"/>
						<line number="264" hits="0" branch="false"/>
						<line number="266" hits="0" branch="true" condition-coverage="0% (0/2)">
							<conditions>
								<condition number="0" type="jump" coverage="0%"/>
							</conditions>
						</line>
						<line number="267" hits="0" branch="false"/>
						<line number="270" hits="0" branch="true" condition-coverage="0% (0/2)">
							<conditions>
								<condition number="0" type="jump" coverage="0%"/>
							</conditions>
						</line>
						<line number="271" hits="0" branch="false"/>
						<line number="275" hits="0" branch="false"/>
						<line number="276" hits="0" branch="false"/>
						<line number="277" hits="0" branch="false"/>
						<line number="278" hits="0" branch="true" condition-coverage="0% (0/2)">
							<conditions>
								<condition number="0" type="jump" coverage="0%"/>
							</conditions>
						</line>
						<line number="279" hits="0" branch="false"/>
						<line number="280" hits="0" branch="false"/>
						<line number="281" hits="0" branch="true" condition-coverage="0% (0/2)">
							<conditions>
								<condition number="0" type="jump" coverage="0%"/>
							</conditions>
						</line>
						<line number="282" hits="0" branch="false"/>
						<line number="285" hits="0" branch="false"/>
						<line number="287" hits="0" branch="false"/>
						<line number="288" hits="0" branch="false"/>
						<line number="289" hits="0" branch="false"/>
						<line number="290" hits="0" branch="false"/>
						<line number="292" hits="0" branch="false"/>
						<line number="293" hits="0" branch="false"/>
						<line number="297" hits="0" branch="false"/>
						<line number="298" hits="0" branch="false"/>
						<line number="299" hits="0" branch="false"/>
						<line number="300" hits="0" branch="false"/>
						<line number="301" hits="0" branch="false"/>
						<line number="302" hits="0" branch="false"/>
						<line number="303" hits="0" branch="false"/>
						<line number="304" hits="0" branch="false"/>
						<line number="305" hits="0" branch="true" condition-coverage="0% (0/2)">
							<conditions>
								<condition number="0" type="jump" coverage="0%"/>
							</conditions>
						</line>
						<line number="306" hits="0" branch="false"/>
						<line number="307" hits="0" branch="true" condition-coverage="0% (0/4)">
							<conditions>
								<condition number="0" type="jump" coverage="0%"/>
								<condition number="1" type="jump" coverage="0%"/>
							</conditions>
						</line>
						<line number="308" hits="0" branch="false"/>
						<line number="311" hits="0" branch="true" condition-coverage="0% (0/4)">
							<conditions>
								<condition number="0" type="jump" coverage="0%"/>
								<condition number="1" type="jump" coverage="0%"/>
							</conditions>
						</line>
						<line number="312" hits="0" branch="false"/>
						<line number="315" hits="0" branch="true" condition-coverage="0% (0/2)">
							<conditions>
								<condition number="0" type="jump" coverage="0%"/>
							</conditions>
						</line>
						<line number="317" hits="0" branch="false"/>
						<line number="319" hits="0" branch="true" condition-coverage="0% (0/2)">
							<conditions>
								<condition number="0" type="jump" coverage="0%"/>
							</conditions>
						</line>
						<line number="320" hits="0" branch="false"/>
						<line number="321" hits="0" branch="true" condition-coverage="0% (0/4)">
							<conditions>
								<condition number="0" type="jump" coverage="0%"/>
								<condition number="1" type="jump" coverage="0%"/>
							</conditions>
						</line>
						<line number="322" hits="0" branch="false"/>
						<line number="325" hits="0" branch="true" condition-coverage="0% (0/4)">
							<conditions>
								<condition number="0" type="jump" coverage="0%"/>
								<condition number="1" type="jump" coverage="0%"/>
							</conditions>
						</line>
						<line number="326" hits="0" branch="false"/>
						<line number="329" hits="0" branch="true" condition-coverage="0% (0/2)">
							<conditions>
								<condition number="0" type="jump" coverage="0%"/>
							</conditions>
						</line>
						<line number="330" hits="0" branch="true" condition-coverage="0% (0/2)">
							<conditions>
								<condition number="0" type="jump" coverage="0%"/>
							</conditions>
						</line>
						<line number="331" hits="0" branch="false"/>
						<line number="334" hits="0" branch="true" condition-coverage="0% (0/2)">
							<conditions>
								<condition number="0" type="jump" coverage="0%"/>
							</conditions>
						</line>
						<line number="335" hits="0" branch="false"/>
						<line number="338" hits="0" branch="false"/>
						<line number="340" hits="0" branch="false"/>
						<line number="342" hits="0" branch="true" condition-coverage="0% (0/2)">
							<conditions>
								<condition number="0" type="jump" coverage="0%"/>
							</conditions>
						</line>
						<line number="343" hits="0" branch="false"/>
						<line number="347" hits="0" branch="false"/>
						<line number="348" hits="0" branch="false"/>
						<line number="349" hits="0" branch="false"/>
						<line number="350" hits="0" branch="false"/>
						<line number="351" hits="0" branch="false"/>
						<line number="352" hits="0" branch="false"/>
						<line number="353" hits="0" branch="true" condition-coverage="0% (0/2)">
							<conditions>
								<condition number="0" type="jump" coverage="0%"/>
							</conditions>
						</line>
						<line number="354" hits="0" branch="false"/>
						<line number="355" hits="0" branch="true" condition-coverage="0% (0/4)">
							<conditions>
								<condition number="0" type="jump" coverage="0%"/>
								<condition number="1" type="jump" coverage="0%"/>
							</conditions>
						</line>
						<line number="356" hits="0" branch="false"/>
						<line number="359" hits="0" branch="true" condition-coverage="0% (0/4)">
							<conditions>
								<condition number="0" type="jump" coverage="0%"/>
								<condition number="1" type="jump" coverage="0%"/>
							</conditions>
						</line>
						<line number="360" hits="0" branch="false"/>
						<line number="363" hits="0" branch="true" condition-coverage="0% (0/2)">
							<conditions>
								<condition number="0" type="jump" coverage="0%"/>
							</conditions>
						</line>
						<line number="365" hits="0" branch="false"/>
						<line number="367" hits="0" branch="true" condition-coverage="0% (0/2)">
							<conditions>
								<condition number="0" type="jump" coverage="0%"/>
							</conditions>
						</line>
						<line number="368" hits="0" branch="false"/>
						<line number="369" hits="0" branch="true" condition-coverage="0% (0/4)">
							<conditions>
								<condition number="0" type="jump" coverage="0%"/>
								<condition number="1" type="jump" coverage="0%"/>
							</conditions>
						</line>
						<line number="370" hits="0" branch="false"/>
						<line number="373" hits="0" branch="true" condition-coverage="0% (0/4)">
							<conditions>
								<condition number="0" type="jump" coverage="0%"/>
								<condition number="1" type="jump" coverage="0%"/>
							</conditions>
						</line>
						<line number="374" hits="0" branch="false"/>
						<line number="377" hits="0" branch="true" condition-coverage="0% (0/2)">
							<conditions>
								<condition number="0" type="jump" coverage="0%"/>
							</conditions>
						</line>
						<line number="378" hits="0" branch="true" condition-coverage="0% (0/2)">
							<conditions>
								<condition number="0" type="jump" coverage="0%"/>
							</conditions>
						</line>
						<line number="379" hits="0" branch="false"/>
						<line number="382" hits="0" branch="true" condition-coverage="0% (0/2)">
							<conditions>
								<condition number="0" type="jump" coverage="0%"/>
							</conditions>
						</line>
						<line number="383" hits="0" branch="false"/>
						<line number="386" hits="0" branch="false"/>
						<line number="392" hits="1" branch="false"/>
						<line number="393" hits="1" branch="false"/>
						<line number="394" hits="1" branch="false"/>
						<line number="395" hits="1" branch="true" condition-coverage="50% (2/4)">
							<conditions>
								<condition number="0" type="jump" coverage="50%"/>
								<condition number="1" type="jump" coverage="50%"/>
							</conditions>
						</line>
						<line number="396" hits="1" branch="true" condition-coverage="50% (1/2)">
							<conditions>
								<condition number="0" type="jump" coverage="50%"/>
							</conditions>
						</line>
						<line number="397" hits="1" branch="true" condition-coverage="50% (1/2)">
							<conditions>
								<condition number="0" type="jump" coverage="50%"/>
							</conditions>
						</line>
						<line number="398" hits="1" branch="true" condition-coverage="50% (1/2)">
							<conditions>
								<condition number="0" type="jump" coverage="50%"/>
							</conditions>
						</line>
						<line number="401" hits="1" branch="true" condition-coverage="50% (1/2)">
							<conditions>
								<condition number="0" type="jump" coverage="50%"/>
							</conditions>
						</line>
						<line number="402" hits="0" branch="false"/>
						<line number="403" hits="0" branch="false"/>
						<line number="406" hits="1" branch="false"/>
						<line number="407" hits="1" branch="false"/>
						<line number="426" hits="1" branch="false"/>
						<line number="427" hits="1" branch="false"/>
						<line number="428" hits="1" branch="false"/>
						<line number="431" hits="1" branch="false"/>
						<line number="432" hits="1" branch="false"/>
						<line number="433" hits="1" branch="false"/>
						<line number="434" hits="1" branch="false"/>
						<line number="435" hits="1" branch="false"/>
						<line number="436" hits="1" branch="false"/>
						<line number="437" hits="1" branch="false"/>
						<line number="440" hits="1" branch="false"/>
						<line number="441" hits="1" branch="false"/>
						<line number="442" hits="1" branch="false"/>
						<line number="443" hits="1" branch="false"/>
						<line number="444" hits="1" branch="false"/>
						<line number="445" hits="1" branch="false"/>
						<line number="446" hits="1" branch="false"/>
						<line number="448" hits="1" branch="false"/>
						<line number="451" hits="1" branch="false"/>
						<line number="452" hits="1" branch="false"/>
						<line number="457" hits="1" branch="false"/>
						<line number="458" hits="1" branch="false"/>
						<line number="459" hits="1" branch="false"/>
						<line number="462" hits="0" branch="false"/>
						<line number="468" hits="1" branch="false"/>
						<line number="469" hits="1" branch="false"/>
						<line number="470" hits="1" branch="false"/>
						<line number="471" hits="1" branch="false"/>
						<line number="472" hits="1" branch="false"/>
						<line number="473" hits="1" branch="false"/>
						<line number="474" hits="1" branch="false"/>
						<line number="475" hits="1" branch="false"/>
						<line number="476" hits="1" branch="false"/>
						<line number="480" hits="1" branch="false"/>
						<line number="481" hits="1" branch="false"/>
						<line number="482" hits="1" branch="false"/>
						<line number="484" hits="1" branch="false"/>
						<line number="485" hits="1" branch="false"/>
						<line number="486" hits="1" branch="false"/>
						<line number="487" hits="1" branch="false"/>
						<line number="488" hits="1" branch="false"/>
						<line number="489" hits="1" branch="false"/>
						<line number="493" hits="1" branch="false"/>
						<line number="494" hits="1" branch="true" condition-coverage="50% (1/2)">
							<conditions>
								<condition number="0" type="jump" coverage="50%"/>
							</conditions>
						</line>
						<line number="496" hits="1" branch="false"/>
						<line number="498" hits="1" branch="false"/>
						<line number="499" hits="1" branch="false"/>
						<line number="500" hits="1" branch="false"/>
						<line number="502" hits="1" branch="false"/>
						<line number="503" hits="1" branch="false"/>
						<line number="504" hits="1" branch="false"/>
						<line number="505" hits="1" branch="false"/>
						<line number="506" hits="1" branch="false"/>
						<line number="507" hits="1" branch="true" condition-coverage="50% (1/2)">
							<conditions>
								<condition number="0" type="jump" coverage="50%"/>
							</conditions>
						</line>
						<line number="509" hits="0" branch="false"/>
						<line number="511" hits="0" branch="false"/>
						<line number="515" hits="1" branch="false"/>
						<line number="516" hits="1" branch="false"/>
						<line number="517" hits="1" branch="false"/>
						<line number="518" hits="1" branch="false"/>
						<line number="519" hits="1" branch="false"/>
						<line number="520" hits="1" branch="false"/>
						<line number="521" hits="1" branch="false"/>
						<line number="523" hits="1" branch="false"/>
						<line number="524" hits="1" branch="false"/>
						<line number="526" hits="1" branch="true" condition-coverage="50% (1/2)">
							<conditions>
								<condition number="0" type="jump" coverage="50%"/>
							</conditions>
						</line>
						<line number="527" hits="1" branch="true" condition-coverage="50% (1/2)">
							<conditions>
								<condition number="0" type="jump" coverage="50%"/>
							</conditions>
						</line>
						<line number="529" hits="1" branch="false"/>
						<line number="530" hits="1" branch="false"/>
						<line number="531" hits="0" branch="false"/>
						<line number="532" hits="0" branch="true" condition-coverage="0% (0/2)">
							<conditions>
								<condition number="0" type="jump" coverage="0%"/>
							</conditions>
						</line>
						<line number="533" hits="0" branch="false"/>
						<line number="534" hits="0" branch="true" condition-coverage="0% (0/4)">
							<conditions>
								<condition number="0" type="jump" coverage="0%"/>
								<condition number="1" type="jump" coverage="0%"/>
							</conditions>
						</line>
						<line number="535" hits="0" branch="false"/>
						<line number="536" hits="0" branch="true" condition-coverage="0% (0/2)">
							<conditions>
								<condition number="0" type="jump" coverage="0%"/>
							</conditions>
						</line>
						<line number="539" hits="1" branch="true" condition-coverage="16% (1/6)">
							<conditions>
								<condition number="0" type="jump" coverage="50%"/>
								<condition number="1" type="jump" coverage="0%"/>
								<condition number="2" type="jump" coverage="0%"/>
							</conditions>
						</line>
						<line number="541" hits="1" branch="false"/>
					</lines>
				</class>
				<class name="org.apache.jsp.AdvSearch_jsp" filename="org/apache/jsp/AdvSearch_jsp.java" line-rate="1.0" branch-rate="1.0" complexity="5.035714285714286">
					<methods>
					</methods>
					<lines>
					</lines>
				</class>
				<class name="org.apache.jsp.BookDetail_jsp" filename="org/apache/jsp/BookDetail_jsp.java" line-rate="1.0" branch-rate="1.0" complexity="7.96969696969697">
					<methods>
					</methods>
					<lines>
					</lines>
				</class>
				<class name="org.apache.jsp.BookMaint_jsp" filename="org/apache/jsp/BookMaint_jsp.java" line-rate="1.0" branch-rate="1.0" complexity="6.758620689655173">
					<methods>
					</methods>
					<lines>
					</lines>
				</class>
				<class name="org.apache.jsp.Books_jsp" filename="org/apache/jsp/Books_jsp.java" line-rate="1.0" branch-rate="1.0" complexity="6.645161290322581">
					<methods>
					</methods>
					<lines>
					</lines>
				</class>
				<class name="org.apache.jsp.CardTypesGrid_jsp" filename="org/apache/jsp/CardTypesGrid_jsp.java" line-rate="1.0" branch-rate="1.0" complexity="5.392857142857143">
					<methods>
					</methods>
					<lines>
					</lines>
				</class>
				<class name="org.apache.jsp.CardTypesRecord_jsp" filename="org/apache/jsp/CardTypesRecord_jsp.java" line-rate="1.0" branch-rate="1.0" complexity="6.586206896551724">
					<methods>
					</methods>
					<lines>
					</lines>
				</class>
				<class name="org.apache.jsp.CategoriesGrid_jsp" filename="org/apache/jsp/CategoriesGrid_jsp.java" line-rate="1.0" branch-rate="1.0" complexity="5.678571428571429">
					<methods>
					</methods>
					<lines>
					</lines>
				</class>
				<class name="org.apache.jsp.CategoriesRecord_jsp" filename="org/apache/jsp/CategoriesRecord_jsp.java" line-rate="1.0" branch-rate="1.0" complexity="6.586206896551724">
					<methods>
					</methods>
					<lines>
					</lines>
				</class>
				<class name="org.apache.jsp.Default_jsp" filename="org/apache/jsp/Default_jsp.java" line-rate="0.7173252279635258" branch-rate="0.2553191489361702" complexity="5.514285714285714">
					<methods>
						<method name="&lt;clinit&gt;" signature="()V" line-rate="1.0" branch-rate="1.0">
							<lines>
								<line number="1121" hits="1" branch="false"/>
								<line number="1122" hits="1" branch="false"/>
								<line number="1123" hits="1" branch="false"/>
							</lines>
						</method>
						<method name="&lt;init&gt;" signature="()V" line-rate="1.0" branch-rate="1.0">
							<lines>
								<line number="7" hits="1" branch="false"/>
							</lines>
						</method>
						<method name="AdvMenu_Show" signature="(Ljavax/servlet/http/HttpServletRequest;Ljavax/servlet/http/HttpServletResponse;Ljavax/servlet/http/HttpSession;Ljavax/servlet/jsp/JspWriter;Ljava/lang/String;Ljava/lang/String;Ljava/lang/String;Ljava/sql/Connection;Ljava/sql/Statement;)V" line-rate="1.0" branch-rate="1.0">
							<lines>
								<line number="468" hits="2" branch="false"/>
								<line number="469" hits="2" branch="false"/>
								<line number="470" hits="2" branch="false"/>
								<line number="473" hits="2" branch="false"/>
								<line number="476" hits="2" branch="false"/>
								<line number="478" hits="2" branch="false"/>
								<line number="481" hits="2" branch="false"/>
								<line number="482" hits="2" branch="false"/>
							</lines>
						</method>
						<method name="Categories_Show" signature="(Ljavax/servlet/http/HttpServletRequest;Ljavax/servlet/http/HttpServletResponse;Ljavax/servlet/http/HttpSession;Ljavax/servlet/jsp/JspWriter;Ljava/lang/String;Ljava/lang/String;Ljava/lang/String;Ljava/sql/Connection;Ljava/sql/Statement;)V" line-rate="0.9318181818181818" branch-rate="0.6666666666666666">
							<lines>
								<line number="757" hits="2" branch="false"/>
								<line number="758" hits="2" branch="false"/>
								<line number="759" hits="2" branch="false"/>
								<line number="760" hits="2" branch="false"/>
								<line number="761" hits="2" branch="false"/>
								<line number="762" hits="2" branch="false"/>
								<line number="763" hits="2" branch="false"/>
								<line number="764" hits="2" branch="false"/>
								<line number="765" hits="2" branch="false"/>
								<line number="766" hits="2" branch="false"/>
								<line number="767" hits="2" branch="false"/>
								<line number="768" hits="2" branch="false"/>
								<line number="769" hits="2" branch="false"/>
								<line number="778" hits="2" branch="false"/>
								<line number="782" hits="2" branch="false"/>
								<line number="784" hits="2" branch="false"/>
								<line number="787" hits="2" branch="false"/>
								<line number="788" hits="2" branch="false"/>
								<line number="792" hits="2" branch="false"/>
								<line number="793" hits="2" branch="false"/>
								<line number="794" hits="2" branch="false"/>
								<line number="797" hits="2" branch="false"/>
								<line number="801" hits="2" branch="false"/>
								<line number="803" hits="2" branch="false"/>
								<line number="804" hits="2" branch="false"/>
								<line number="806" hits="2" branch="false"/>
								<line number="807" hits="2" branch="false"/>
								<line number="810" hits="8" branch="true" condition-coverage="100% (2/2)">
									<conditions>
										<condition number="0" type="jump" coverage="100%"/>
									</conditions>
								</line>
								<line number="812" hits="6" branch="false"/>
								<line number="813" hits="6" branch="false"/>
								<line number="815" hits="6" branch="false"/>
								<line number="817" hits="6" branch="false"/>
								<line number="819" hits="6" branch="false"/>
								<line number="820" hits="6" branch="false"/>
								<line number="822" hits="6" branch="false"/>
								<line number="823" hits="6" branch="false"/>
								<line number="824" hits="2" branch="true" condition-coverage="50% (1/2)">
									<conditions>
										<condition number="0" type="jump" coverage="50%"/>
									</conditions>
								</line>
								<line number="826" hits="0" branch="false"/>
								<line number="828" hits="0" branch="false"/>
								<line number="829" hits="0" branch="false"/>
								<line number="832" hits="2" branch="true" condition-coverage="50% (1/2)">
									<conditions>
										<condition number="0" type="jump" coverage="50%"/>
									</conditions>
								</line>
								<line number="833" hits="2" branch="false"/>
								<line number="836" hits="2" branch="false"/>
								<line number="837" hits="2" branch="false"/>
							</lines>
						</method>
						<method name="New_Show" signature="(Ljavax/servlet/http/HttpServletRequest;Ljavax/servlet/http/HttpServletResponse;Ljavax/servlet/http/HttpSession;Ljavax/servlet/jsp/JspWriter;Ljava/lang/String;Ljava/lang/String;Ljava/lang/String;Ljava/sql/Connection;Ljava/sql/Statement;)V" line-rate="1.0" branch-rate="0.8333333333333334">
							<lines>
								<line number="842" hits="2" branch="false"/>
								<line number="843" hits="2" branch="false"/>
								<line number="844" hits="2" branch="false"/>
								<line number="845" hits="2" branch="false"/>
								<line number="846" hits="2" branch="false"/>
								<line number="847" hits="2" branch="false"/>
								<line number="848" hits="2" branch="false"/>
								<line number="849" hits="2" branch="false"/>
								<line number="850" hits="2" branch="false"/>
								<line number="851" hits="2" branch="false"/>
								<line number="852" hits="2" branch="false"/>
								<line number="853" hits="2" branch="false"/>
								<line number="854" hits="2" branch="false"/>
								<line number="860" hits="2" branch="false"/>
								<line number="864" hits="2" branch="false"/>
								<line number="872" hits="2" branch="false"/>
								<line number="874" hits="2" branch="false"/>
								<line number="877" hits="2" branch="false"/>
								<line number="878" hits="2" branch="false"/>
								<line number="882" hits="2" branch="false"/>
								<line number="883" hits="2" branch="false"/>
								<line number="884" hits="2" branch="false"/>
								<line number="887" hits="2" branch="false"/>
								<line number="891" hits="2" branch="false"/>
								<line number="893" hits="2" branch="false"/>
								<line number="894" hits="2" branch="false"/>
								<line number="896" hits="2" branch="false"/>
								<line number="897" hits="2" branch="false"/>
								<line number="900" hits="3" branch="true" condition-coverage="100% (2/2)">
									<conditions>
										<condition number="0" type="jump" coverage="100%"/>
									</conditions>
								</line>
								<line number="902" hits="1" branch="false"/>
								<line number="903" hits="1" branch="false"/>
								<line number="904" hits="1" branch="false"/>
								<line number="905" hits="1" branch="false"/>
								<line number="906" hits="1" branch="false"/>
								<line number="908" hits="1" branch="false"/>
								<line number="910" hits="1" branch="false"/>
								<line number="912" hits="1" branch="false"/>
								<line number="913" hits="1" branch="false"/>
								<line number="915" hits="1" branch="false"/>
								<line number="916" hits="1" branch="false"/>
								<line number="917" hits="1" branch="false"/>
								<line number="918" hits="1" branch="false"/>
								<line number="920" hits="1" branch="false"/>
								<line number="921" hits="1" branch="false"/>
								<line number="922" hits="2" branch="true" condition-coverage="100% (2/2)">
									<conditions>
										<condition number="0" type="jump" coverage="100%"/>
									</conditions>
								</line>
								<line number="924" hits="1" branch="false"/>
								<line number="926" hits="1" branch="false"/>
								<line number="927" hits="1" branch="false"/>
								<line number="930" hits="2" branch="true" condition-coverage="50% (1/2)">
									<conditions>
										<condition number="0" type="jump" coverage="50%"/>
									</conditions>
								</line>
								<line number="931" hits="2" branch="false"/>
								<line number="934" hits="2" branch="false"/>
								<line number="935" hits="2" branch="false"/>
							</lines>
						</method>
						<method name="Recommended_Show" signature="(Ljavax/servlet/http/HttpServletRequest;Ljavax/servlet/http/HttpServletResponse;Ljavax/servlet/http/HttpSession;Ljavax/servlet/jsp/JspWriter;Ljava/lang/String;Ljava/lang/String;Ljava/lang/String;Ljava/sql/Connection;Ljava/sql/Statement;)V" line-rate="0.7916666666666666" branch-rate="0.3333333333333333">
							<lines>
								<line number="487" hits="2" branch="false"/>
								<line number="488" hits="2" branch="false"/>
								<line number="489" hits="2" branch="false"/>
								<line number="490" hits="2" branch="false"/>
								<line number="491" hits="2" branch="false"/>
								<line number="492" hits="2" branch="false"/>
								<line number="493" hits="2" branch="false"/>
								<line number="494" hits="2" branch="false"/>
								<line number="495" hits="2" branch="false"/>
								<line number="496" hits="2" branch="false"/>
								<line number="497" hits="2" branch="false"/>
								<line number="498" hits="2" branch="false"/>
								<line number="499" hits="2" branch="false"/>
								<line number="505" hits="2" branch="false"/>
								<line number="507" hits="2" branch="false"/>
								<line number="508" hits="2" branch="false"/>
								<line number="509" hits="2" branch="false"/>
								<line number="510" hits="2" branch="false"/>
								<line number="511" hits="2" branch="false"/>
								<line number="513" hits="2" branch="false"/>
								<line number="515" hits="2" branch="false"/>
								<line number="516" hits="2" branch="false"/>
								<line number="517" hits="0" branch="false"/>
								<line number="518" hits="2" branch="true" condition-coverage="50% (1/2)">
									<conditions>
										<condition number="0" type="jump" coverage="50%"/>
									</conditions>
								</line>
								<line number="519" hits="2" branch="false"/>
								<line number="522" hits="0" branch="true" condition-coverage="0% (0/2)">
									<conditions>
										<condition number="0" type="jump" coverage="0%"/>
									</conditions>
								</line>
								<line number="523" hits="0" branch="false"/>
								<line number="524" hits="0" branch="false"/>
								<line number="525" hits="0" branch="false"/>
								<line number="526" hits="0" branch="false"/>
								<line number="529" hits="0" branch="false"/>
								<line number="530" hits="0" branch="false"/>
								<line number="531" hits="0" branch="false"/>
								<line number="532" hits="0" branch="false"/>
								<line number="535" hits="0" branch="true" condition-coverage="0% (0/2)">
									<conditions>
										<condition number="0" type="jump" coverage="0%"/>
									</conditions>
								</line>
								<line number="536" hits="0" branch="true" condition-coverage="0% (0/2)">
									<conditions>
										<condition number="0" type="jump" coverage="0%"/>
									</conditions>
								</line>
								<line number="537" hits="0" branch="true" condition-coverage="0% (0/2)">
									<conditions>
										<condition number="0" type="jump" coverage="0%"/>
									</conditions>
								</line>
								<line number="538" hits="0" branch="true" condition-coverage="0% (0/2)">
									<conditions>
										<condition number="0" type="jump" coverage="0%"/>
									</conditions>
								</line>
								<line number="544" hits="2" branch="false"/>
								<line number="551" hits="2" branch="false"/>
								<line number="553" hits="2" branch="false"/>
								<line number="556" hits="2" branch="false"/>
								<line number="560" hits="2" branch="false"/>
								<line number="561" hits="2" branch="false"/>
								<line number="562" hits="2" branch="false"/>
								<line number="565" hits="2" branch="false"/>
								<line number="570" hits="2" branch="false"/>
								<line number="572" hits="2" branch="false"/>
								<line number="573" hits="2" branch="false"/>
								<line number="574" hits="0" branch="false"/>
								<line number="576" hits="2" branch="true" condition-coverage="50% (1/2)">
									<conditions>
										<condition number="0" type="jump" coverage="50%"/>
									</conditions>
								</line>
								<line number="577" hits="2" branch="false"/>
								<line number="579" hits="2" branch="false"/>
								<line number="581" hits="2" branch="false"/>
								<line number="582" hits="2" branch="false"/>
								<line number="583" hits="2" branch="false"/>
								<line number="584" hits="2" branch="false"/>
								<line number="585" hits="2" branch="false"/>
								<line number="588" hits="12" branch="true" condition-coverage="75% (3/4)">
									<conditions>
										<condition number="0" type="jump" coverage="100%"/>
										<condition number="1" type="jump" coverage="50%"/>
									</conditions>
								</line>
								<line number="590" hits="10" branch="false"/>
								<line number="591" hits="10" branch="false"/>
								<line number="592" hits="10" branch="false"/>
								<line number="593" hits="10" branch="false"/>
								<line number="594" hits="10" branch="false"/>
								<line number="595" hits="10" branch="false"/>
								<line number="597" hits="10" branch="false"/>
								<line number="599" hits="10" branch="false"/>
								<line number="600" hits="10" branch="false"/>
								<line number="601" hits="10" branch="false"/>
								<line number="602" hits="10" branch="false"/>
								<line number="604" hits="10" branch="false"/>
								<line number="605" hits="10" branch="false"/>
								<line number="606" hits="10" branch="false"/>
								<line number="607" hits="10" branch="false"/>
								<line number="609" hits="10" branch="false"/>
								<line number="610" hits="10" branch="false"/>
								<line number="611" hits="2" branch="true" condition-coverage="50% (1/2)">
									<conditions>
										<condition number="0" type="jump" coverage="50%"/>
									</conditions>
								</line>
								<line number="613" hits="0" branch="false"/>
								<line number="615" hits="0" branch="false"/>
								<line number="616" hits="0" branch="false"/>
								<line number="623" hits="2" branch="false"/>
								<line number="624" hits="2" branch="false"/>
								<line number="625" hits="2" branch="true" condition-coverage="25% (1/4)">
									<conditions>
										<condition number="0" type="jump" coverage="50%"/>
										<condition number="1" type="jump" coverage="0%"/>
									</conditions>
								</line>
								<line number="629" hits="2" branch="false"/>
								<line number="631" hits="2" branch="true" condition-coverage="50% (1/2)">
									<conditions>
										<condition number="0" type="jump" coverage="50%"/>
									</conditions>
								</line>
								<line number="632" hits="2" branch="false"/>
								<line number="635" hits="0" branch="false"/>
								<line number="638" hits="2" branch="false"/>
								<line number="640" hits="2" branch="true" condition-coverage="50% (1/2)">
									<conditions>
										<condition number="0" type="jump" coverage="50%"/>
									</conditions>
								</line>
								<line number="641" hits="0" branch="false"/>
								<line number="644" hits="2" branch="false"/>
								<line number="647" hits="2" branch="false"/>
								<line number="652" hits="2" branch="true" condition-coverage="50% (1/2)">
									<conditions>
										<condition number="0" type="jump" coverage="50%"/>
									</conditions>
								</line>
								<line number="653" hits="2" branch="false"/>
								<line number="656" hits="2" branch="false"/>
								<line number="657" hits="2" branch="false"/>
							</lines>
						</method>
						<method name="Search_Show" signature="(Ljavax/servlet/http/HttpServletRequest;Ljavax/servlet/http/HttpServletResponse;Ljavax/servlet/http/HttpSession;Ljavax/servlet/jsp/JspWriter;Ljava/lang/String;Ljava/lang/String;Ljava/lang/String;Ljava/sql/Connection;Ljava/sql/Statement;)V" line-rate="1.0" branch-rate="1.0">
							<lines>
								<line number="427" hits="2" branch="false"/>
								<line number="428" hits="2" branch="false"/>
								<line number="431" hits="2" branch="false"/>
								<line number="432" hits="2" branch="false"/>
								<line number="433" hits="2" branch="false"/>
								<line number="434" hits="2" branch="false"/>
								<line number="437" hits="2" branch="false"/>
								<line number="438" hits="2" branch="false"/>
								<line number="439" hits="2" branch="false"/>
								<line number="442" hits="2" branch="false"/>
								<line number="443" hits="2" branch="false"/>
								<line number="448" hits="2" branch="false"/>
								<line number="449" hits="2" branch="false"/>
								<line number="450" hits="2" branch="false"/>
								<line number="451" hits="2" branch="false"/>
								<line number="453" hits="2" branch="false"/>
								<line number="454" hits="2" branch="false"/>
								<line number="455" hits="2" branch="false"/>
								<line number="457" hits="2" branch="false"/>
								<line number="458" hits="2" branch="false"/>
								<line number="459" hits="2" branch="false"/>
								<line number="461" hits="2" branch="false"/>
								<line number="462" hits="2" branch="false"/>
							</lines>
						</method>
						<method name="Specials_Show" signature="(Ljavax/servlet/http/HttpServletRequest;Ljavax/servlet/http/HttpServletResponse;Ljavax/servlet/http/HttpSession;Ljavax/servlet/jsp/JspWriter;Ljava/lang/String;Ljava/lang/String;Ljava/lang/String;Ljava/sql/Connection;Ljava/sql/Statement;)V" line-rate="0.9347826086956522" branch-rate="0.6666666666666666">
							<lines>
								<line number="1036" hits="2" branch="false"/>
								<line number="1037" hits="2" branch="false"/>
								<line number="1038" hits="2" branch="false"/>
								<line number="1039" hits="2" branch="false"/>
								<line number="1040" hits="2" branch="false"/>
								<line number="1041" hits="2" branch="false"/>
								<line number="1042" hits="2" branch="false"/>
								<line number="1043" hits="2" branch="false"/>
								<line number="1044" hits="2" branch="false"/>
								<line number="1045" hits="2" branch="false"/>
								<line number="1046" hits="2" branch="false"/>
								<line number="1047" hits="2" branch="false"/>
								<line number="1048" hits="2" branch="false"/>
								<line number="1054" hits="2" branch="false"/>
								<line number="1058" hits="2" branch="false"/>
								<line number="1062" hits="2" branch="false"/>
								<line number="1064" hits="2" branch="false"/>
								<line number="1067" hits="2" branch="false"/>
								<line number="1071" hits="2" branch="false"/>
								<line number="1072" hits="2" branch="false"/>
								<line number="1073" hits="2" branch="false"/>
								<line number="1076" hits="2" branch="false"/>
								<line number="1080" hits="2" branch="false"/>
								<line number="1082" hits="2" branch="false"/>
								<line number="1083" hits="2" branch="false"/>
								<line number="1085" hits="2" branch="false"/>
								<line number="1086" hits="2" branch="false"/>
								<line number="1089" hits="4" branch="true" condition-coverage="100% (2/2)">
									<conditions>
										<condition number="0" type="jump" coverage="100%"/>
									</conditions>
								</line>
								<line number="1091" hits="2" branch="false"/>
								<line number="1092" hits="2" branch="false"/>
								<line number="1093" hits="2" branch="false"/>
								<line number="1095" hits="2" branch="false"/>
								<line number="1096" hits="2" branch="false"/>
								<line number="1097" hits="2" branch="false"/>
								<line number="1098" hits="2" branch="false"/>
								<line number="1099" hits="2" branch="false"/>
								<line number="1101" hits="2" branch="false"/>
								<line number="1102" hits="2" branch="false"/>
								<line number="1103" hits="2" branch="true" condition-coverage="50% (1/2)">
									<conditions>
										<condition number="0" type="jump" coverage="50%"/>
									</conditions>
								</line>
								<line number="1105" hits="0" branch="false"/>
								<line number="1107" hits="0" branch="false"/>
								<line number="1108" hits="0" branch="false"/>
[...]
							</conditions>
						</line>
						<line number="478" hits="0" branch="false"/>
						<line number="479" hits="0" branch="false"/>
						<line number="480" hits="0" branch="false"/>
						<line number="484" hits="1" branch="false"/>
						<line number="488" hits="1" branch="false"/>
						<line number="490" hits="1" branch="false"/>
						<line number="491" hits="1" branch="false"/>
						<line number="493" hits="1" branch="false"/>
						<line number="494" hits="1" branch="false"/>
						<line number="497" hits="1" branch="true" condition-coverage="50% (1/2)">
							<conditions>
								<condition number="0" type="jump" coverage="50%"/>
							</conditions>
						</line>
						<line number="499" hits="0" branch="false"/>
						<line number="500" hits="0" branch="false"/>
						<line number="501" hits="0" branch="false"/>
						<line number="502" hits="0" branch="false"/>
						<line number="503" hits="0" branch="false"/>
						<line number="504" hits="0" branch="false"/>
						<line number="505" hits="0" branch="false"/>
						<line number="507" hits="0" branch="false"/>
						<line number="509" hits="0" branch="false"/>
						<line number="511" hits="0" branch="false"/>
						<line number="512" hits="0" branch="false"/>
						<line number="513" hits="0" branch="false"/>
						<line number="514" hits="0" branch="false"/>
						<line number="515" hits="0" branch="false"/>
						<line number="516" hits="0" branch="false"/>
						<line number="517" hits="0" branch="false"/>
						<line number="518" hits="0" branch="false"/>
						<line number="519" hits="0" branch="false"/>
						<line number="520" hits="0" branch="false"/>
						<line number="521" hits="0" branch="false"/>
						<line number="522" hits="0" branch="false"/>
						<line number="524" hits="0" branch="false"/>
						<line number="525" hits="0" branch="false"/>
						<line number="526" hits="1" branch="true" condition-coverage="50% (1/2)">
							<conditions>
								<condition number="0" type="jump" coverage="50%"/>
							</conditions>
						</line>
						<line number="528" hits="1" branch="false"/>
						<line number="530" hits="1" branch="false"/>
						<line number="531" hits="1" branch="false"/>
						<line number="534" hits="1" branch="true" condition-coverage="50% (1/2)">
							<conditions>
								<condition number="0" type="jump" coverage="50%"/>
							</conditions>
						</line>
						<line number="535" hits="1" branch="false"/>
						<line number="538" hits="1" branch="false"/>
						<line number="539" hits="1" branch="false"/>
						<line number="544" hits="1" branch="false"/>
						<line number="545" hits="1" branch="false"/>
						<line number="546" hits="1" branch="false"/>
						<line number="547" hits="1" branch="false"/>
						<line number="548" hits="1" branch="false"/>
						<line number="549" hits="1" branch="false"/>
						<line number="550" hits="1" branch="false"/>
						<line number="551" hits="1" branch="false"/>
						<line number="552" hits="1" branch="false"/>
						<line number="553" hits="1" branch="false"/>
						<line number="554" hits="1" branch="false"/>
						<line number="555" hits="1" branch="false"/>
						<line number="556" hits="1" branch="false"/>
						<line number="558" hits="1" branch="false"/>
						<line number="560" hits="1" branch="false"/>
						<line number="565" hits="1" branch="false"/>
						<line number="566" hits="1" branch="true" condition-coverage="50% (1/2)">
							<conditions>
								<condition number="0" type="jump" coverage="50%"/>
							</conditions>
						</line>
						<line number="567" hits="0" branch="false"/>
						<line number="570" hits="1" branch="true" condition-coverage="50% (2/4)">
							<conditions>
								<condition number="0" type="jump" coverage="50%"/>
								<condition number="1" type="jump" coverage="50%"/>
							</conditions>
						</line>
						<line number="572" hits="1" branch="false"/>
						<line number="573" hits="1" branch="false"/>
						<line number="576" hits="0" branch="false"/>
						<line number="577" hits="1" branch="true" condition-coverage="50% (1/2)">
							<conditions>
								<condition number="0" type="jump" coverage="50%"/>
							</conditions>
						</line>
						<line number="581" hits="1" branch="false"/>
						<line number="584" hits="1" branch="false"/>
						<line number="587" hits="1" branch="false"/>
						<line number="588" hits="1" branch="false"/>
						<line number="592" hits="1" branch="false"/>
						<line number="594" hits="1" branch="false"/>
						<line number="596" hits="1" branch="true" condition-coverage="50% (1/2)">
							<conditions>
								<condition number="0" type="jump" coverage="50%"/>
							</conditions>
						</line>
						<line number="597" hits="0" branch="false"/>
						<line number="598" hits="0" branch="false"/>
						<line number="599" hits="0" branch="false"/>
						<line number="603" hits="1" branch="false"/>
						<line number="607" hits="1" branch="false"/>
						<line number="609" hits="1" branch="false"/>
						<line number="610" hits="1" branch="false"/>
						<line number="612" hits="1" branch="false"/>
						<line number="613" hits="1" branch="false"/>
						<line number="616" hits="1" branch="true" condition-coverage="50% (1/2)">
							<conditions>
								<condition number="0" type="jump" coverage="50%"/>
							</conditions>
						</line>
						<line number="618" hits="0" branch="false"/>
						<line number="619" hits="0" branch="false"/>
						<line number="621" hits="0" branch="false"/>
						<line number="623" hits="0" branch="false"/>
						<line number="624" hits="0" branch="false"/>
						<line number="625" hits="0" branch="false"/>
						<line number="627" hits="0" branch="false"/>
						<line number="628" hits="0" branch="false"/>
						<line number="629" hits="1" branch="true" condition-coverage="50% (1/2)">
							<conditions>
								<condition number="0" type="jump" coverage="50%"/>
							</conditions>
						</line>
						<line number="631" hits="1" branch="false"/>
						<line number="633" hits="1" branch="false"/>
						<line number="634" hits="1" branch="false"/>
						<line number="637" hits="1" branch="true" condition-coverage="50% (1/2)">
							<conditions>
								<condition number="0" type="jump" coverage="50%"/>
							</conditions>
						</line>
						<line number="638" hits="1" branch="false"/>
						<line number="641" hits="1" branch="false"/>
						<line number="642" hits="1" branch="false"/>
						<line number="648" hits="0" branch="false"/>
						<line number="651" hits="0" branch="true" condition-coverage="0% (0/2)">
							<conditions>
								<condition number="0" type="jump" coverage="0%"/>
							</conditions>
						</line>
						<line number="653" hits="0" branch="false"/>
						<line number="654" hits="0" branch="false"/>
						<line number="655" hits="0" branch="false"/>
						<line number="656" hits="0" branch="false"/>
						<line number="657" hits="0" branch="false"/>
						<line number="658" hits="0" branch="false"/>
						<line number="659" hits="0" branch="false"/>
						<line number="660" hits="0" branch="false"/>
						<line number="661" hits="0" branch="false"/>
						<line number="662" hits="0" branch="false"/>
						<line number="665" hits="0" branch="false"/>
						<line number="666" hits="0" branch="false"/>
						<line number="667" hits="0" branch="false"/>
						<line number="669" hits="0" branch="false"/>
						<line number="670" hits="0" branch="false"/>
						<line number="671" hits="0" branch="false"/>
						<line number="672" hits="0" branch="false"/>
						<line number="674" hits="0" branch="true" condition-coverage="0% (0/2)">
							<conditions>
								<condition number="0" type="jump" coverage="0%"/>
							</conditions>
						</line>
						<line number="675" hits="0" branch="true" condition-coverage="0% (0/2)">
							<conditions>
								<condition number="0" type="jump" coverage="0%"/>
							</conditions>
						</line>
						<line number="676" hits="0" branch="true" condition-coverage="0% (0/2)">
							<conditions>
								<condition number="0" type="jump" coverage="0%"/>
							</conditions>
						</line>
						<line number="681" hits="0" branch="false"/>
						<line number="682" hits="0" branch="false"/>
						<line number="686" hits="0" branch="false"/>
						<line number="688" hits="0" branch="false"/>
						<line number="691" hits="0" branch="true" condition-coverage="0% (0/2)">
							<conditions>
								<condition number="0" type="jump" coverage="0%"/>
							</conditions>
						</line>
						<line number="694" hits="0" branch="false"/>
						<line number="696" hits="0" branch="false"/>
						<line number="697" hits="0" branch="false"/>
						<line number="698" hits="0" branch="false"/>
						<line number="701" hits="0" branch="true" condition-coverage="0% (0/2)">
							<conditions>
								<condition number="0" type="jump" coverage="0%"/>
							</conditions>
						</line>
						<line number="702" hits="0" branch="true" condition-coverage="0% (0/2)">
							<conditions>
								<condition number="0" type="jump" coverage="0%"/>
							</conditions>
						</line>
						<line number="704" hits="0" branch="false"/>
						<line number="705" hits="0" branch="false"/>
						<line number="707" hits="0" branch="false"/>
						<line number="709" hits="0" branch="false"/>
						<line number="710" hits="0" branch="false"/>
						<line number="719" hits="1" branch="false"/>
						<line number="720" hits="1" branch="false"/>
						<line number="721" hits="1" branch="false"/>
						<line number="722" hits="1" branch="false"/>
						<line number="723" hits="1" branch="false"/>
						<line number="724" hits="1" branch="false"/>
						<line number="725" hits="1" branch="false"/>
						<line number="726" hits="1" branch="false"/>
						<line number="727" hits="1" branch="false"/>
						<line number="730" hits="1" branch="false"/>
						<line number="731" hits="1" branch="false"/>
						<line number="732" hits="1" branch="false"/>
						<line number="733" hits="1" branch="false"/>
						<line number="734" hits="1" branch="false"/>
						<line number="735" hits="1" branch="false"/>
						<line number="736" hits="1" branch="false"/>
						<line number="737" hits="1" branch="false"/>
						<line number="740" hits="1" branch="false"/>
						<line number="742" hits="1" branch="true" condition-coverage="50% (1/2)">
							<conditions>
								<condition number="0" type="jump" coverage="50%"/>
							</conditions>
						</line>
						<line number="747" hits="0" branch="false"/>
						<line number="751" hits="1" branch="false"/>
						<line number="752" hits="1" branch="true" condition-coverage="50% (1/2)">
							<conditions>
								<condition number="0" type="jump" coverage="50%"/>
							</conditions>
						</line>
						<line number="754" hits="1" branch="false"/>
						<line number="755" hits="1" branch="false"/>
						<line number="757" hits="1" branch="false"/>
						<line number="760" hits="1" branch="false"/>
						<line number="761" hits="1" branch="false"/>
						<line number="762" hits="1" branch="true" condition-coverage="50% (1/2)">
							<conditions>
								<condition number="0" type="jump" coverage="50%"/>
							</conditions>
						</line>
						<line number="763" hits="0" branch="false"/>
						<line number="765" hits="1" branch="false"/>
						<line number="766" hits="1" branch="false"/>
						<line number="768" hits="1" branch="false"/>
						<line number="770" hits="1" branch="true" condition-coverage="33% (2/6)">
							<conditions>
								<condition number="0" type="jump" coverage="50%"/>
								<condition number="1" type="jump" coverage="50%"/>
								<condition number="2" type="jump" coverage="0%"/>
							</conditions>
						</line>
						<line number="773" hits="1" branch="false"/>
						<line number="774" hits="1" branch="false"/>
						<line number="775" hits="1" branch="false"/>
						<line number="776" hits="1" branch="false"/>
						<line number="777" hits="1" branch="false"/>
						<line number="778" hits="1" branch="false"/>
						<line number="779" hits="1" branch="false"/>
						<line number="780" hits="1" branch="false"/>
						<line number="781" hits="1" branch="false"/>
						<line number="782" hits="1" branch="false"/>
						<line number="783" hits="1" branch="false"/>
						<line number="784" hits="1" branch="false"/>
						<line number="786" hits="1" branch="true" condition-coverage="25% (1/4)">
							<conditions>
								<condition number="0" type="jump" coverage="50%"/>
								<condition number="1" type="jump" coverage="0%"/>
							</conditions>
						</line>
						<line number="788" hits="1" branch="false"/>
						<line number="789" hits="1" branch="false"/>
						<line number="790" hits="1" branch="false"/>
						<line number="791" hits="1" branch="false"/>
						<line number="792" hits="1" branch="false"/>
						<line number="793" hits="1" branch="false"/>
						<line number="794" hits="1" branch="false"/>
						<line number="797" hits="0" branch="false"/>
						<line number="798" hits="0" branch="false"/>
						<line number="799" hits="0" branch="false"/>
						<line number="800" hits="0" branch="false"/>
						<line number="801" hits="0" branch="false"/>
						<line number="802" hits="0" branch="false"/>
						<line number="803" hits="0" branch="false"/>
						<line number="806" hits="1" branch="false"/>
						<line number="808" hits="0" branch="true" condition-coverage="0% (0/2)">
							<conditions>
								<condition number="0" type="jump" coverage="0%"/>
							</conditions>
						</line>
						<line number="809" hits="0" branch="false"/>
						<line number="817" hits="1" branch="false"/>
						<line number="819" hits="1" branch="false"/>
						<line number="821" hits="1" branch="false"/>
						<line number="822" hits="1" branch="false"/>
						<line number="824" hits="1" branch="false"/>
						<line number="825" hits="1" branch="false"/>
						<line number="827" hits="1" branch="false"/>
						<line number="828" hits="1" branch="false"/>
						<line number="830" hits="1" branch="false"/>
						<line number="831" hits="1" branch="false"/>
						<line number="833" hits="1" branch="false"/>
						<line number="834" hits="1" branch="false"/>
						<line number="836" hits="1" branch="false"/>
						<line number="839" hits="1" branch="true" condition-coverage="33% (2/6)">
							<conditions>
								<condition number="0" type="jump" coverage="50%"/>
								<condition number="1" type="jump" coverage="50%"/>
								<condition number="2" type="jump" coverage="0%"/>
							</conditions>
						</line>
						<line number="841" hits="1" branch="false"/>
						<line number="843" hits="1" branch="false"/>
						<line number="844" hits="1" branch="false"/>
						<line number="845" hits="1" branch="false"/>
						<line number="851" hits="1" branch="false"/>
						<line number="852" hits="1" branch="false"/>
						<line number="856" hits="1" branch="false"/>
						<line number="857" hits="1" branch="false"/>
						<line number="858" hits="1" branch="false"/>
						<line number="861" hits="0" branch="false"/>
						<line number="867" hits="1" branch="false"/>
						<line number="868" hits="1" branch="false"/>
						<line number="869" hits="1" branch="false"/>
						<line number="870" hits="1" branch="false"/>
						<line number="871" hits="1" branch="false"/>
						<line number="872" hits="1" branch="false"/>
						<line number="873" hits="1" branch="false"/>
						<line number="874" hits="1" branch="false"/>
						<line number="875" hits="1" branch="false"/>
						<line number="879" hits="1" branch="false"/>
						<line number="880" hits="1" branch="false"/>
						<line number="881" hits="1" branch="false"/>
						<line number="883" hits="1" branch="false"/>
						<line number="884" hits="1" branch="false"/>
						<line number="885" hits="1" branch="false"/>
						<line number="886" hits="1" branch="false"/>
						<line number="887" hits="1" branch="false"/>
						<line number="888" hits="1" branch="false"/>
						<line number="892" hits="1" branch="false"/>
						<line number="893" hits="1" branch="true" condition-coverage="50% (1/2)">
							<conditions>
								<condition number="0" type="jump" coverage="50%"/>
							</conditions>
						</line>
						<line number="895" hits="1" branch="false"/>
						<line number="897" hits="1" branch="false"/>
						<line number="898" hits="1" branch="false"/>
						<line number="899" hits="1" branch="false"/>
						<line number="900" hits="1" branch="false"/>
						<line number="901" hits="1" branch="false"/>
						<line number="903" hits="1" branch="false"/>
						<line number="904" hits="1" branch="false"/>
						<line number="905" hits="1" branch="false"/>
						<line number="906" hits="1" branch="false"/>
						<line number="907" hits="1" branch="false"/>
						<line number="908" hits="1" branch="true" condition-coverage="50% (1/2)">
							<conditions>
								<condition number="0" type="jump" coverage="50%"/>
							</conditions>
						</line>
						<line number="910" hits="0" branch="false"/>
						<line number="912" hits="0" branch="false"/>
						<line number="914" hits="1" branch="true" condition-coverage="50% (1/2)">
							<conditions>
								<condition number="0" type="jump" coverage="50%"/>
							</conditions>
						</line>
						<line number="915" hits="0" branch="false"/>
						<line number="916" hits="0" branch="true" condition-coverage="0% (0/2)">
							<conditions>
								<condition number="0" type="jump" coverage="0%"/>
							</conditions>
						</line>
						<line number="920" hits="1" branch="false"/>
						<line number="921" hits="1" branch="false"/>
						<line number="922" hits="1" branch="false"/>
						<line number="923" hits="1" branch="false"/>
						<line number="924" hits="1" branch="false"/>
						<line number="925" hits="1" branch="false"/>
						<line number="926" hits="1" branch="false"/>
						<line number="927" hits="1" branch="false"/>
						<line number="928" hits="1" branch="false"/>
						<line number="929" hits="1" branch="false"/>
						<line number="930" hits="1" branch="false"/>
						<line number="932" hits="1" branch="false"/>
						<line number="933" hits="1" branch="false"/>
						<line number="935" hits="1" branch="true" condition-coverage="50% (1/2)">
							<conditions>
								<condition number="0" type="jump" coverage="50%"/>
							</conditions>
						</line>
						<line number="936" hits="1" branch="true" condition-coverage="50% (1/2)">
							<conditions>
								<condition number="0" type="jump" coverage="50%"/>
							</conditions>
						</line>
						<line number="938" hits="1" branch="false"/>
						<line number="939" hits="1" branch="false"/>
						<line number="940" hits="0" branch="false"/>
						<line number="941" hits="0" branch="true" condition-coverage="0% (0/2)">
							<conditions>
								<condition number="0" type="jump" coverage="0%"/>
							</conditions>
						</line>
						<line number="942" hits="0" branch="false"/>
						<line number="943" hits="0" branch="true" condition-coverage="0% (0/4)">
							<conditions>
								<condition number="0" type="jump" coverage="0%"/>
								<condition number="1" type="jump" coverage="0%"/>
							</conditions>
						</line>
						<line number="944" hits="0" branch="false"/>
						<line number="945" hits="0" branch="true" condition-coverage="0% (0/2)">
							<conditions>
								<condition number="0" type="jump" coverage="0%"/>
							</conditions>
						</line>
						<line number="948" hits="1" branch="true" condition-coverage="16% (1/6)">
							<conditions>
								<condition number="0" type="jump" coverage="50%"/>
								<condition number="1" type="jump" coverage="0%"/>
								<condition number="2" type="jump" coverage="0%"/>
							</conditions>
						</line>
						<line number="950" hits="1" branch="false"/>
					</lines>
				</class>
			</classes>
		</package>
	</packages>
</coverage>
